<?xml version="1.0" encoding="UTF-8"?>
<!-- Generated by org.testng.reporters.JUnitReportReporter -->
<testsuite skipped="0" hostname="LAPTOP-7RIVR6S9" name="tests.searchApartment.SearchApartmentTest" tests="1" failures="0" timestamp="2022-01-30T00:16:18 GMT+04:00" time="17.072" errors="0">
  <testcase name="checkIsRedirectToListing" time="17.072" classname="tests.searchApartment.SearchApartmentTest"/>
  <system-out/>
</testsuite> <!-- tests.searchApartment.SearchApartmentTest -->
